<?xml version="1.0" encoding="UTF-8"?>
<testsuite name="StackTest" tests="4" skipped="0" failures="0" errors="0" timestamp="2022-03-08T10:19:52" hostname="EXAMINE" time="0.042">
  <properties/>
  <testcase name="Should return Exception with message &quot;Stack Overflow&quot; When push new element" classname="StackTest" time="0.034"/>
  <testcase name="Should return Exception with message &quot;Stack Underflow&quot; When pop element" classname="StackTest" time="0.002"/>
  <testcase name="Should deleted last element when stack call function pop" classname="StackTest" time="0.002"/>
  <testcase name="Should added new element in stack" classname="StackTest" time="0.002"/>
  <system-out><![CDATA[]]></system-out>
  <system-err><![CDATA[]]></system-err>
</testsuite>
